/*C222*/SET SCHEMA PUBLIC
alter table tournament_assigned_teams drop constraint UK_q618mssns1jxley0or2s9n3ne
alter table tournament_assigned_teams add constraint UK_q618mssns1jxley0or2s9n3ne unique (assigned_teams_team_id)
DISCONNECT
/*C223*/SET SCHEMA PUBLIC
DISCONNECT
/*C224*/SET SCHEMA PUBLIC
DISCONNECT
/*C225*/SET SCHEMA PUBLIC
DISCONNECT
/*C226*/SET SCHEMA PUBLIC
DISCONNECT
/*C227*/SET SCHEMA PUBLIC
DISCONNECT
/*C228*/SET SCHEMA PUBLIC
DISCONNECT
/*C229*/SET SCHEMA PUBLIC
DISCONNECT
/*C230*/SET SCHEMA PUBLIC
DISCONNECT
/*C231*/SET SCHEMA PUBLIC
DISCONNECT
/*C232*/SET SCHEMA PUBLIC
alter table tournament_assigned_teams drop constraint UK_q618mssns1jxley0or2s9n3ne
alter table tournament_assigned_teams add constraint UK_q618mssns1jxley0or2s9n3ne unique (assigned_teams_team_id)
DISCONNECT
/*C233*/SET SCHEMA PUBLIC
DISCONNECT
/*C234*/SET SCHEMA PUBLIC
DISCONNECT
/*C235*/SET SCHEMA PUBLIC
DISCONNECT
/*C236*/SET SCHEMA PUBLIC
DISCONNECT
/*C237*/SET SCHEMA PUBLIC
DISCONNECT
/*C238*/SET SCHEMA PUBLIC
DISCONNECT
/*C239*/SET SCHEMA PUBLIC
DISCONNECT
/*C240*/SET SCHEMA PUBLIC
DISCONNECT
/*C241*/SET SCHEMA PUBLIC
DISCONNECT
/*C242*/SET SCHEMA PUBLIC
alter table tournament_assigned_teams drop constraint UK_q618mssns1jxley0or2s9n3ne
alter table tournament_assigned_teams add constraint UK_q618mssns1jxley0or2s9n3ne unique (assigned_teams_team_id)
DISCONNECT
/*C243*/SET SCHEMA PUBLIC
DISCONNECT
/*C244*/SET SCHEMA PUBLIC
DISCONNECT
/*C245*/SET SCHEMA PUBLIC
DISCONNECT
/*C246*/SET SCHEMA PUBLIC
DISCONNECT
/*C247*/SET SCHEMA PUBLIC
DISCONNECT
/*C248*/SET SCHEMA PUBLIC
DISCONNECT
/*C249*/SET SCHEMA PUBLIC
DISCONNECT
/*C250*/SET SCHEMA PUBLIC
DISCONNECT
/*C251*/SET SCHEMA PUBLIC
DISCONNECT
/*C252*/SET SCHEMA PUBLIC
DISCONNECT
/*C253*/SET SCHEMA PUBLIC
alter table tournament_assigned_teams drop constraint UK_q618mssns1jxley0or2s9n3ne
alter table tournament_assigned_teams add constraint UK_q618mssns1jxley0or2s9n3ne unique (assigned_teams_team_id)
INSERT INTO TOURNAMENT VALUES('10',' Popup Blocker',2,'2019-06-21 22:29:50.350000','2019-06-21 22:29:50.350000',' Oberursel',2,NULL,8,NULL,'2019-06-22 00:00:00.000000')
ALTER SEQUENCE PUBLIC.HIBERNATE_SEQUENCE RESTART WITH 11
COMMIT
DISCONNECT
/*C254*/SET SCHEMA PUBLIC
DISCONNECT
/*C255*/SET SCHEMA PUBLIC
DISCONNECT
/*C256*/SET SCHEMA PUBLIC
DISCONNECT
/*C257*/SET SCHEMA PUBLIC
DISCONNECT
/*C258*/SET SCHEMA PUBLIC
DISCONNECT
/*C259*/SET SCHEMA PUBLIC
DISCONNECT
/*C260*/SET SCHEMA PUBLIC
DISCONNECT
/*C261*/SET SCHEMA PUBLIC
DISCONNECT
/*C262*/SET SCHEMA PUBLIC
DISCONNECT
/*C263*/SET SCHEMA PUBLIC
alter table tournament_assigned_teams drop constraint UK_q618mssns1jxley0or2s9n3ne
alter table tournament_assigned_teams add constraint UK_q618mssns1jxley0or2s9n3ne unique (assigned_teams_team_id)
INSERT INTO TOURNAMENT VALUES('11',' Popup Blocker',2,'2019-06-21 22:31:00.578000','2019-06-21 22:31:00.578000',' Oberursel',2,NULL,8,NULL,'2019-06-23 00:00:00.000000')
ALTER SEQUENCE PUBLIC.HIBERNATE_SEQUENCE RESTART WITH 12
COMMIT
INSERT INTO TOURNAMENT VALUES('12','Manuel',2,'2019-06-21 22:31:37.221000','2019-06-21 22:31:37.221000','B\ufffdblingen',1,2,8,1,'2019-07-06 00:00:00.000000')
ALTER SEQUENCE PUBLIC.HIBERNATE_SEQUENCE RESTART WITH 13
COMMIT
DELETE FROM TOURNAMENT WHERE TOURNAMENT_ID='9'
COMMIT
DISCONNECT
/*C264*/SET SCHEMA PUBLIC
DISCONNECT
/*C265*/SET SCHEMA PUBLIC
DISCONNECT
/*C266*/SET SCHEMA PUBLIC
DISCONNECT
/*C267*/SET SCHEMA PUBLIC
DISCONNECT
/*C268*/SET SCHEMA PUBLIC
DISCONNECT
/*C269*/SET SCHEMA PUBLIC
DISCONNECT
/*C270*/SET SCHEMA PUBLIC
DISCONNECT
/*C271*/SET SCHEMA PUBLIC
DISCONNECT
/*C272*/SET SCHEMA PUBLIC
DISCONNECT
/*C273*/SET SCHEMA PUBLIC
alter table tournament_assigned_teams drop constraint UK_q618mssns1jxley0or2s9n3ne
alter table tournament_assigned_teams add constraint UK_q618mssns1jxley0or2s9n3ne unique (assigned_teams_team_id)
DISCONNECT
/*C274*/SET SCHEMA PUBLIC
DISCONNECT
/*C275*/SET SCHEMA PUBLIC
DISCONNECT
/*C276*/SET SCHEMA PUBLIC
DISCONNECT
/*C277*/SET SCHEMA PUBLIC
DISCONNECT
/*C278*/SET SCHEMA PUBLIC
DISCONNECT
/*C279*/SET SCHEMA PUBLIC
DISCONNECT
/*C280*/SET SCHEMA PUBLIC
DISCONNECT
/*C281*/SET SCHEMA PUBLIC
DISCONNECT
/*C282*/SET SCHEMA PUBLIC
DISCONNECT
/*C283*/SET SCHEMA PUBLIC
alter table tournament_assigned_teams drop constraint UK_q618mssns1jxley0or2s9n3ne
alter table tournament_assigned_teams add constraint UK_q618mssns1jxley0or2s9n3ne unique (assigned_teams_team_id)
DISCONNECT
/*C284*/SET SCHEMA PUBLIC
DISCONNECT
/*C285*/SET SCHEMA PUBLIC
DISCONNECT
/*C286*/SET SCHEMA PUBLIC
DISCONNECT
/*C287*/SET SCHEMA PUBLIC
DISCONNECT
/*C288*/SET SCHEMA PUBLIC
DISCONNECT
/*C289*/SET SCHEMA PUBLIC
DISCONNECT
/*C290*/SET SCHEMA PUBLIC
DISCONNECT
/*C291*/SET SCHEMA PUBLIC
DISCONNECT
/*C292*/SET SCHEMA PUBLIC
DISCONNECT
/*C293*/SET SCHEMA PUBLIC
alter table tournament_assigned_teams drop constraint UK_q618mssns1jxley0or2s9n3ne
alter table tournament_assigned_teams add constraint UK_q618mssns1jxley0or2s9n3ne unique (assigned_teams_team_id)
DISCONNECT
/*C294*/SET SCHEMA PUBLIC
DISCONNECT
/*C295*/SET SCHEMA PUBLIC
DISCONNECT
/*C296*/SET SCHEMA PUBLIC
DISCONNECT
/*C297*/SET SCHEMA PUBLIC
DISCONNECT
/*C298*/SET SCHEMA PUBLIC
DISCONNECT
/*C299*/SET SCHEMA PUBLIC
DISCONNECT
/*C300*/SET SCHEMA PUBLIC
DISCONNECT
/*C301*/SET SCHEMA PUBLIC
DISCONNECT
/*C302*/SET SCHEMA PUBLIC
DISCONNECT
/*C303*/SET SCHEMA PUBLIC
alter table tournament_assigned_teams drop constraint UK_q618mssns1jxley0or2s9n3ne
alter table tournament_assigned_teams add constraint UK_q618mssns1jxley0or2s9n3ne unique (assigned_teams_team_id)
DISCONNECT
/*C304*/SET SCHEMA PUBLIC
DISCONNECT
/*C305*/SET SCHEMA PUBLIC
DISCONNECT
/*C306*/SET SCHEMA PUBLIC
DISCONNECT
/*C307*/SET SCHEMA PUBLIC
DISCONNECT
/*C308*/SET SCHEMA PUBLIC
DISCONNECT
/*C309*/SET SCHEMA PUBLIC
DISCONNECT
/*C310*/SET SCHEMA PUBLIC
DISCONNECT
/*C311*/SET SCHEMA PUBLIC
DISCONNECT
/*C312*/SET SCHEMA PUBLIC
DISCONNECT
/*C313*/SET SCHEMA PUBLIC
alter table tournament_assigned_teams drop constraint UK_q618mssns1jxley0or2s9n3ne
alter table tournament_assigned_teams add constraint UK_q618mssns1jxley0or2s9n3ne unique (assigned_teams_team_id)
DISCONNECT
/*C314*/SET SCHEMA PUBLIC
DISCONNECT
/*C315*/SET SCHEMA PUBLIC
DISCONNECT
/*C316*/SET SCHEMA PUBLIC
DISCONNECT
/*C317*/SET SCHEMA PUBLIC
DISCONNECT
/*C318*/SET SCHEMA PUBLIC
DISCONNECT
/*C319*/SET SCHEMA PUBLIC
DISCONNECT
/*C320*/SET SCHEMA PUBLIC
DISCONNECT
/*C321*/SET SCHEMA PUBLIC
DISCONNECT
/*C322*/SET SCHEMA PUBLIC
DISCONNECT
/*C323*/SET SCHEMA PUBLIC
alter table tournament_assigned_teams drop constraint UK_q618mssns1jxley0or2s9n3ne
alter table tournament_assigned_teams add constraint UK_q618mssns1jxley0or2s9n3ne unique (assigned_teams_team_id)
DISCONNECT
/*C324*/SET SCHEMA PUBLIC
DISCONNECT
/*C325*/SET SCHEMA PUBLIC
DISCONNECT
/*C326*/SET SCHEMA PUBLIC
DISCONNECT
/*C327*/SET SCHEMA PUBLIC
DISCONNECT
/*C328*/SET SCHEMA PUBLIC
DISCONNECT
/*C329*/SET SCHEMA PUBLIC
DISCONNECT
/*C330*/SET SCHEMA PUBLIC
DISCONNECT
/*C331*/SET SCHEMA PUBLIC
DISCONNECT
/*C332*/SET SCHEMA PUBLIC
DISCONNECT
/*C333*/SET SCHEMA PUBLIC
alter table tournament_assigned_teams drop constraint UK_q618mssns1jxley0or2s9n3ne
alter table tournament_assigned_teams add constraint UK_q618mssns1jxley0or2s9n3ne unique (assigned_teams_team_id)
